Linked: (/home/adavid28/BWSI-Tello-Project/catkin_ws/devel/.private/just_drone/include/just_drone/tv_dim.h, /home/adavid28/BWSI-Tello-Project/catkin_ws/devel/include/just_drone/tv_dim.h)
Linked: (/home/adavid28/BWSI-Tello-Project/catkin_ws/devel/.private/just_drone/include/just_drone/dimensions.h, /home/adavid28/BWSI-Tello-Project/catkin_ws/devel/include/just_drone/dimensions.h)
Linked: (/home/adavid28/BWSI-Tello-Project/catkin_ws/devel/.private/just_drone/share/just_drone/cmake/just_droneConfig.cmake, /home/adavid28/BWSI-Tello-Project/catkin_ws/devel/share/just_drone/cmake/just_droneConfig.cmake)
Linked: (/home/adavid28/BWSI-Tello-Project/catkin_ws/devel/.private/just_drone/share/just_drone/cmake/just_drone-msg-paths.cmake, /home/adavid28/BWSI-Tello-Project/catkin_ws/devel/share/just_drone/cmake/just_drone-msg-paths.cmake)
Linked: (/home/adavid28/BWSI-Tello-Project/catkin_ws/devel/.private/just_drone/share/just_drone/cmake/just_drone-msg-extras.cmake, /home/adavid28/BWSI-Tello-Project/catkin_ws/devel/share/just_drone/cmake/just_drone-msg-extras.cmake)
Linked: (/home/adavid28/BWSI-Tello-Project/catkin_ws/devel/.private/just_drone/share/just_drone/cmake/just_droneConfig-version.cmake, /home/adavid28/BWSI-Tello-Project/catkin_ws/devel/share/just_drone/cmake/just_droneConfig-version.cmake)
Linked: (/home/adavid28/BWSI-Tello-Project/catkin_ws/devel/.private/just_drone/share/roseus/ros/just_drone/manifest.l, /home/adavid28/BWSI-Tello-Project/catkin_ws/devel/share/roseus/ros/just_drone/manifest.l)
Linked: (/home/adavid28/BWSI-Tello-Project/catkin_ws/devel/.private/just_drone/share/roseus/ros/just_drone/msg/tv_dim.l, /home/adavid28/BWSI-Tello-Project/catkin_ws/devel/share/roseus/ros/just_drone/msg/tv_dim.l)
Linked: (/home/adavid28/BWSI-Tello-Project/catkin_ws/devel/.private/just_drone/share/roseus/ros/just_drone/msg/dimensions.l, /home/adavid28/BWSI-Tello-Project/catkin_ws/devel/share/roseus/ros/just_drone/msg/dimensions.l)
Linked: (/home/adavid28/BWSI-Tello-Project/catkin_ws/devel/.private/just_drone/share/gennodejs/ros/just_drone/_index.js, /home/adavid28/BWSI-Tello-Project/catkin_ws/devel/share/gennodejs/ros/just_drone/_index.js)
Linked: (/home/adavid28/BWSI-Tello-Project/catkin_ws/devel/.private/just_drone/share/gennodejs/ros/just_drone/msg/_index.js, /home/adavid28/BWSI-Tello-Project/catkin_ws/devel/share/gennodejs/ros/just_drone/msg/_index.js)
Linked: (/home/adavid28/BWSI-Tello-Project/catkin_ws/devel/.private/just_drone/share/gennodejs/ros/just_drone/msg/dimensions.js, /home/adavid28/BWSI-Tello-Project/catkin_ws/devel/share/gennodejs/ros/just_drone/msg/dimensions.js)
Linked: (/home/adavid28/BWSI-Tello-Project/catkin_ws/devel/.private/just_drone/share/gennodejs/ros/just_drone/msg/tv_dim.js, /home/adavid28/BWSI-Tello-Project/catkin_ws/devel/share/gennodejs/ros/just_drone/msg/tv_dim.js)
Linked: (/home/adavid28/BWSI-Tello-Project/catkin_ws/devel/.private/just_drone/share/common-lisp/ros/just_drone/msg/_package_tv_dim.lisp, /home/adavid28/BWSI-Tello-Project/catkin_ws/devel/share/common-lisp/ros/just_drone/msg/_package_tv_dim.lisp)
Linked: (/home/adavid28/BWSI-Tello-Project/catkin_ws/devel/.private/just_drone/share/common-lisp/ros/just_drone/msg/dimensions.lisp, /home/adavid28/BWSI-Tello-Project/catkin_ws/devel/share/common-lisp/ros/just_drone/msg/dimensions.lisp)
Linked: (/home/adavid28/BWSI-Tello-Project/catkin_ws/devel/.private/just_drone/share/common-lisp/ros/just_drone/msg/tv_dim.lisp, /home/adavid28/BWSI-Tello-Project/catkin_ws/devel/share/common-lisp/ros/just_drone/msg/tv_dim.lisp)
Linked: (/home/adavid28/BWSI-Tello-Project/catkin_ws/devel/.private/just_drone/share/common-lisp/ros/just_drone/msg/_package.lisp, /home/adavid28/BWSI-Tello-Project/catkin_ws/devel/share/common-lisp/ros/just_drone/msg/_package.lisp)
Linked: (/home/adavid28/BWSI-Tello-Project/catkin_ws/devel/.private/just_drone/share/common-lisp/ros/just_drone/msg/just_drone-msg.asd, /home/adavid28/BWSI-Tello-Project/catkin_ws/devel/share/common-lisp/ros/just_drone/msg/just_drone-msg.asd)
Linked: (/home/adavid28/BWSI-Tello-Project/catkin_ws/devel/.private/just_drone/share/common-lisp/ros/just_drone/msg/_package_dimensions.lisp, /home/adavid28/BWSI-Tello-Project/catkin_ws/devel/share/common-lisp/ros/just_drone/msg/_package_dimensions.lisp)
Linked: (/home/adavid28/BWSI-Tello-Project/catkin_ws/devel/.private/just_drone/lib/python3/dist-packages/just_drone/__init__.py, /home/adavid28/BWSI-Tello-Project/catkin_ws/devel/lib/python3/dist-packages/just_drone/__init__.py)
Linked: (/home/adavid28/BWSI-Tello-Project/catkin_ws/devel/.private/just_drone/lib/python3/dist-packages/just_drone/msg/_tv_dim.py, /home/adavid28/BWSI-Tello-Project/catkin_ws/devel/lib/python3/dist-packages/just_drone/msg/_tv_dim.py)
Linked: (/home/adavid28/BWSI-Tello-Project/catkin_ws/devel/.private/just_drone/lib/python3/dist-packages/just_drone/msg/_dimensions.py, /home/adavid28/BWSI-Tello-Project/catkin_ws/devel/lib/python3/dist-packages/just_drone/msg/_dimensions.py)
Linked: (/home/adavid28/BWSI-Tello-Project/catkin_ws/devel/.private/just_drone/lib/python3/dist-packages/just_drone/msg/__init__.py, /home/adavid28/BWSI-Tello-Project/catkin_ws/devel/lib/python3/dist-packages/just_drone/msg/__init__.py)
Linked: (/home/adavid28/BWSI-Tello-Project/catkin_ws/devel/.private/just_drone/lib/pkgconfig/just_drone.pc, /home/adavid28/BWSI-Tello-Project/catkin_ws/devel/lib/pkgconfig/just_drone.pc)
