[35m[1mScanning dependencies of target std_msgs_generate_messages_nodejs[0m
[35m[1mScanning dependencies of target std_msgs_generate_messages_cpp[0m
[  0%] Built target std_msgs_generate_messages_cpp
[  0%] Built target std_msgs_generate_messages_nodejs
[35m[1mScanning dependencies of target std_msgs_generate_messages_eus[0m
[35m[1mScanning dependencies of target std_msgs_generate_messages_lisp[0m
[  0%] Built target std_msgs_generate_messages_lisp
[  0%] Built target std_msgs_generate_messages_eus
[35m[1mScanning dependencies of target std_msgs_generate_messages_py[0m
[35m[1mScanning dependencies of target just_drone_generate_messages_cpp[0m
[  0%] Built target std_msgs_generate_messages_py
[35m[1mScanning dependencies of target just_drone_generate_messages_nodejs[0m
[  0%] Built target just_drone_generate_messages_cpp
[  0%] Built target just_drone_generate_messages_nodejs
[35m[1mScanning dependencies of target just_drone_generate_messages_eus[0m
[35m[1mScanning dependencies of target just_drone_generate_messages_lisp[0m
[100%] [34m[1mGenerating EusLisp manifest code for just_drone[0m
[100%] Built target just_drone_generate_messages_lisp
[35m[1mScanning dependencies of target just_drone_generate_messages_py[0m
[100%] Built target just_drone_generate_messages_py
[100%] Built target just_drone_generate_messages_eus
[35m[1mScanning dependencies of target just_drone_generate_messages[0m
[100%] Built target just_drone_generate_messages
